{"C:\\Users\\saber\\OneDrive\\Documents\\livecampus\\projets\\todolist\\frontend\\src\\App.jsx": {"path":"C:\\Users\\saber\\OneDrive\\Documents\\livecampus\\projets\\todolist\\frontend\\src\\App.jsx","all":false,"statementMap":{"0":{"start":{"line":1,"column":0},"end":{"line":1,"column":67}},"1":{"start":{"line":2,"column":0},"end":{"line":2,"column":64}},"2":{"start":{"line":3,"column":0},"end":{"line":3,"column":48}},"3":{"start":{"line":4,"column":0},"end":{"line":4,"column":48}},"4":{"start":{"line":5,"column":0},"end":{"line":5,"column":19}},"6":{"start":{"line":7,"column":0},"end":{"line":7,"column":16}},"7":{"start":{"line":8,"column":0},"end":{"line":8,"column":10}},"8":{"start":{"line":9,"column":0},"end":{"line":9,"column":25}},"9":{"start":{"line":10,"column":0},"end":{"line":10,"column":21}},"10":{"start":{"line":11,"column":0},"end":{"line":11,"column":16}},"11":{"start":{"line":12,"column":0},"end":{"line":12,"column":55}},"12":{"start":{"line":13,"column":0},"end":{"line":13,"column":63}},"13":{"start":{"line":14,"column":0},"end":{"line":14,"column":58}},"14":{"start":{"line":15,"column":0},"end":{"line":15,"column":17}},"15":{"start":{"line":16,"column":0},"end":{"line":16,"column":22}},"16":{"start":{"line":17,"column":0},"end":{"line":17,"column":26}},"18":{"start":{"line":19,"column":0},"end":{"line":19,"column":1}},"20":{"start":{"line":21,"column":0},"end":{"line":21,"column":19}}},"s":{"0":1,"1":1,"2":1,"3":1,"4":1,"6":1,"7":1,"8":1,"9":1,"10":1,"11":1,"12":1,"13":1,"14":1,"15":1,"16":1,"18":1,"20":1},"branchMap":{"0":{"type":"branch","line":7,"loc":{"start":{"line":7,"column":0},"end":{"line":19,"column":1}},"locations":[{"start":{"line":7,"column":0},"end":{"line":19,"column":1}}]}},"b":{"0":[1]},"fnMap":{"0":{"name":"App","decl":{"start":{"line":7,"column":0},"end":{"line":19,"column":1}},"loc":{"start":{"line":7,"column":0},"end":{"line":19,"column":1}},"line":7}},"f":{"0":1}}
,"C:\\Users\\saber\\OneDrive\\Documents\\livecampus\\projets\\todolist\\frontend\\src\\main.jsx": {"path":"C:\\Users\\saber\\OneDrive\\Documents\\livecampus\\projets\\todolist\\frontend\\src\\main.jsx","all":true,"statementMap":{"0":{"start":{"line":1,"column":0},"end":{"line":1,"column":34}},"1":{"start":{"line":2,"column":0},"end":{"line":2,"column":45}},"2":{"start":{"line":3,"column":0},"end":{"line":3,"column":20}},"3":{"start":{"line":4,"column":0},"end":{"line":4,"column":27}},"5":{"start":{"line":6,"column":0},"end":{"line":6,"column":51}},"6":{"start":{"line":7,"column":0},"end":{"line":7,"column":14}},"7":{"start":{"line":8,"column":0},"end":{"line":8,"column":11}},"8":{"start":{"line":9,"column":0},"end":{"line":9,"column":16}},"9":{"start":{"line":10,"column":0},"end":{"line":10,"column":1}}},"s":{"0":0,"1":0,"2":0,"3":0,"5":0,"6":0,"7":0,"8":0,"9":0},"branchMap":{"0":{"type":"branch","line":1,"loc":{"start":{"line":1,"column":202},"end":{"line":10,"column":-147}},"locations":[{"start":{"line":1,"column":202},"end":{"line":10,"column":-147}}]}},"b":{"0":[0]},"fnMap":{"0":{"name":"(empty-report)","decl":{"start":{"line":1,"column":202},"end":{"line":10,"column":-147}},"loc":{"start":{"line":1,"column":202},"end":{"line":10,"column":-147}},"line":1}},"f":{"0":0}}
,"C:\\Users\\saber\\OneDrive\\Documents\\livecampus\\projets\\todolist\\frontend\\src\\context\\TaskServiceContext.jsx": {"path":"C:\\Users\\saber\\OneDrive\\Documents\\livecampus\\projets\\todolist\\frontend\\src\\context\\TaskServiceContext.jsx","all":false,"statementMap":{"0":{"start":{"line":1,"column":0},"end":{"line":1,"column":57}},"1":{"start":{"line":2,"column":0},"end":{"line":2,"column":54}},"3":{"start":{"line":4,"column":0},"end":{"line":4,"column":43}},"5":{"start":{"line":6,"column":0},"end":{"line":6,"column":54}},"6":{"start":{"line":7,"column":0},"end":{"line":7,"column":34}},"7":{"start":{"line":8,"column":0},"end":{"line":8,"column":59}},"8":{"start":{"line":9,"column":0},"end":{"line":9,"column":4}},"9":{"start":{"line":10,"column":0},"end":{"line":10,"column":10}},"10":{"start":{"line":11,"column":0},"end":{"line":11,"column":49}},"11":{"start":{"line":12,"column":0},"end":{"line":12,"column":16}},"12":{"start":{"line":13,"column":0},"end":{"line":13,"column":34}},"14":{"start":{"line":15,"column":0},"end":{"line":15,"column":2}},"16":{"start":{"line":17,"column":0},"end":{"line":17,"column":67}}},"s":{"0":1,"1":1,"3":1,"5":1,"6":3,"7":3,"8":3,"9":3,"10":3,"11":3,"12":3,"14":3,"16":1},"branchMap":{"0":{"type":"branch","line":6,"loc":{"start":{"line":6,"column":35},"end":{"line":15,"column":2}},"locations":[{"start":{"line":6,"column":35},"end":{"line":15,"column":2}}]},"1":{"type":"branch","line":8,"loc":{"start":{"line":8,"column":20},"end":{"line":8,"column":59}},"locations":[{"start":{"line":8,"column":20},"end":{"line":8,"column":59}}]},"2":{"type":"branch","line":17,"loc":{"start":{"line":17,"column":30},"end":{"line":17,"column":67}},"locations":[{"start":{"line":17,"column":30},"end":{"line":17,"column":67}}]}},"b":{"0":[3],"1":[0],"2":[6]},"fnMap":{"0":{"name":"TaskServiceProvider","decl":{"start":{"line":6,"column":35},"end":{"line":15,"column":2}},"loc":{"start":{"line":6,"column":35},"end":{"line":15,"column":2}},"line":6},"1":{"name":"useTaskService","decl":{"start":{"line":17,"column":30},"end":{"line":17,"column":67}},"loc":{"start":{"line":17,"column":30},"end":{"line":17,"column":67}},"line":17}},"f":{"0":3,"1":6}}
,"C:\\Users\\saber\\OneDrive\\Documents\\livecampus\\projets\\todolist\\frontend\\src\\pages\\TaskEditPage.jsx": {"path":"C:\\Users\\saber\\OneDrive\\Documents\\livecampus\\projets\\todolist\\frontend\\src\\pages\\TaskEditPage.jsx","all":false,"statementMap":{"0":{"start":{"line":1,"column":0},"end":{"line":1,"column":51}},"1":{"start":{"line":2,"column":0},"end":{"line":2,"column":63}},"2":{"start":{"line":3,"column":0},"end":{"line":3,"column":58}},"4":{"start":{"line":5,"column":0},"end":{"line":5,"column":40}},"5":{"start":{"line":6,"column":0},"end":{"line":6,"column":35}},"6":{"start":{"line":7,"column":0},"end":{"line":7,"column":33}},"7":{"start":{"line":8,"column":0},"end":{"line":8,"column":29}},"8":{"start":{"line":9,"column":0},"end":{"line":9,"column":67}},"10":{"start":{"line":11,"column":0},"end":{"line":11,"column":19}},"11":{"start":{"line":12,"column":0},"end":{"line":12,"column":13}},"12":{"start":{"line":13,"column":0},"end":{"line":13,"column":42}},"13":{"start":{"line":14,"column":0},"end":{"line":14,"column":57}},"14":{"start":{"line":15,"column":0},"end":{"line":15,"column":71}},"15":{"start":{"line":16,"column":0},"end":{"line":16,"column":9}},"16":{"start":{"line":17,"column":0},"end":{"line":17,"column":5}},"17":{"start":{"line":18,"column":0},"end":{"line":18,"column":20}},"19":{"start":{"line":20,"column":0},"end":{"line":20,"column":31}},"20":{"start":{"line":21,"column":0},"end":{"line":21,"column":58}},"21":{"start":{"line":22,"column":0},"end":{"line":22,"column":4}},"23":{"start":{"line":24,"column":0},"end":{"line":24,"column":37}},"24":{"start":{"line":25,"column":0},"end":{"line":25,"column":23}},"25":{"start":{"line":26,"column":0},"end":{"line":26,"column":13}},"26":{"start":{"line":27,"column":0},"end":{"line":27,"column":41}},"27":{"start":{"line":28,"column":0},"end":{"line":28,"column":12}},"28":{"start":{"line":29,"column":0},"end":{"line":29,"column":34}},"29":{"start":{"line":30,"column":0},"end":{"line":30,"column":5}},"30":{"start":{"line":31,"column":0},"end":{"line":31,"column":18}},"31":{"start":{"line":32,"column":0},"end":{"line":32,"column":4}},"33":{"start":{"line":34,"column":0},"end":{"line":34,"column":10}},"34":{"start":{"line":35,"column":0},"end":{"line":35,"column":9}},"35":{"start":{"line":36,"column":0},"end":{"line":36,"column":54}},"36":{"start":{"line":37,"column":0},"end":{"line":37,"column":58}},"37":{"start":{"line":38,"column":0},"end":{"line":38,"column":14}},"38":{"start":{"line":39,"column":0},"end":{"line":39,"column":22}},"39":{"start":{"line":40,"column":0},"end":{"line":40,"column":28}},"40":{"start":{"line":41,"column":0},"end":{"line":41,"column":33}},"41":{"start":{"line":42,"column":0},"end":{"line":42,"column":29}},"42":{"start":{"line":43,"column":0},"end":{"line":43,"column":18}},"43":{"start":{"line":44,"column":0},"end":{"line":44,"column":10}},"44":{"start":{"line":45,"column":0},"end":{"line":45,"column":14}},"45":{"start":{"line":46,"column":0},"end":{"line":46,"column":28}},"46":{"start":{"line":47,"column":0},"end":{"line":47,"column":34}},"47":{"start":{"line":48,"column":0},"end":{"line":48,"column":33}},"48":{"start":{"line":49,"column":0},"end":{"line":49,"column":35}},"49":{"start":{"line":50,"column":0},"end":{"line":50,"column":10}},"50":{"start":{"line":51,"column":0},"end":{"line":51,"column":68}},"51":{"start":{"line":52,"column":0},"end":{"line":52,"column":60}},"53":{"start":{"line":54,"column":0},"end":{"line":54,"column":17}},"54":{"start":{"line":55,"column":0},"end":{"line":55,"column":13}},"55":{"start":{"line":56,"column":0},"end":{"line":56,"column":10}},"57":{"start":{"line":58,"column":0},"end":{"line":58,"column":1}}},"s":{"0":1,"1":1,"2":1,"4":2,"5":2,"6":2,"7":2,"8":2,"10":2,"11":1,"12":0,"13":0,"14":0,"15":0,"16":0,"17":2,"19":2,"20":0,"21":0,"23":2,"24":0,"25":0,"26":0,"27":0,"28":0,"29":0,"30":0,"31":0,"33":2,"34":2,"35":2,"36":2,"37":2,"38":2,"39":2,"40":2,"41":2,"42":2,"43":2,"44":2,"45":2,"46":2,"47":2,"48":2,"49":2,"50":2,"51":2,"53":2,"54":2,"55":2,"57":2},"branchMap":{"0":{"type":"branch","line":5,"loc":{"start":{"line":5,"column":0},"end":{"line":58,"column":1}},"locations":[{"start":{"line":5,"column":0},"end":{"line":58,"column":1}}]},"1":{"type":"branch","line":36,"loc":{"start":{"line":36,"column":11},"end":{"line":36,"column":29}},"locations":[{"start":{"line":36,"column":11},"end":{"line":36,"column":29}}]},"2":{"type":"branch","line":51,"loc":{"start":{"line":51,"column":31},"end":{"line":51,"column":49}},"locations":[{"start":{"line":51,"column":31},"end":{"line":51,"column":49}}]},"3":{"type":"branch","line":11,"loc":{"start":{"line":11,"column":12},"end":{"line":18,"column":5}},"locations":[{"start":{"line":11,"column":12},"end":{"line":18,"column":5}}]},"4":{"type":"branch","line":12,"loc":{"start":{"line":12,"column":12},"end":{"line":17,"column":5}},"locations":[{"start":{"line":12,"column":12},"end":{"line":17,"column":5}}]},"5":{"type":"branch","line":52,"loc":{"start":{"line":52,"column":39},"end":{"line":52,"column":60}},"locations":[{"start":{"line":52,"column":39},"end":{"line":52,"column":60}}]}},"b":{"0":[2],"1":[0],"2":[0],"3":[1],"4":[0],"5":[1]},"fnMap":{"0":{"name":"TaskEditPage","decl":{"start":{"line":5,"column":0},"end":{"line":58,"column":1}},"loc":{"start":{"line":5,"column":0},"end":{"line":58,"column":1}},"line":5},"1":{"name":"handleChange","decl":{"start":{"line":20,"column":23},"end":{"line":22,"column":4}},"loc":{"start":{"line":20,"column":23},"end":{"line":22,"column":4}},"line":20},"2":{"name":"handleSubmit","decl":{"start":{"line":24,"column":23},"end":{"line":32,"column":4}},"loc":{"start":{"line":24,"column":23},"end":{"line":32,"column":4}},"line":24},"3":{"name":"onClick","decl":{"start":{"line":52,"column":39},"end":{"line":52,"column":60}},"loc":{"start":{"line":52,"column":39},"end":{"line":52,"column":60}},"line":52}},"f":{"0":2,"1":0,"2":0,"3":1}}
,"C:\\Users\\saber\\OneDrive\\Documents\\livecampus\\projets\\todolist\\frontend\\src\\pages\\TaskListPage.jsx": {"path":"C:\\Users\\saber\\OneDrive\\Documents\\livecampus\\projets\\todolist\\frontend\\src\\pages\\TaskListPage.jsx","all":false,"statementMap":{"0":{"start":{"line":1,"column":0},"end":{"line":1,"column":51}},"1":{"start":{"line":2,"column":0},"end":{"line":2,"column":63}},"2":{"start":{"line":3,"column":0},"end":{"line":3,"column":60}},"4":{"start":{"line":5,"column":0},"end":{"line":5,"column":40}},"5":{"start":{"line":6,"column":0},"end":{"line":6,"column":35}},"6":{"start":{"line":7,"column":0},"end":{"line":7,"column":41}},"7":{"start":{"line":8,"column":0},"end":{"line":8,"column":33}},"8":{"start":{"line":9,"column":0},"end":{"line":9,"column":33}},"10":{"start":{"line":11,"column":0},"end":{"line":11,"column":19}},"11":{"start":{"line":12,"column":0},"end":{"line":12,"column":11}},"12":{"start":{"line":13,"column":0},"end":{"line":13,"column":17}},"13":{"start":{"line":14,"column":0},"end":{"line":14,"column":23}},"14":{"start":{"line":15,"column":0},"end":{"line":15,"column":50}},"15":{"start":{"line":16,"column":0},"end":{"line":16,"column":23}},"16":{"start":{"line":17,"column":0},"end":{"line":17,"column":8}},"17":{"start":{"line":18,"column":0},"end":{"line":18,"column":23}},"18":{"start":{"line":19,"column":0},"end":{"line":19,"column":63}},"19":{"start":{"line":20,"column":0},"end":{"line":20,"column":9}},"20":{"start":{"line":21,"column":0},"end":{"line":21,"column":26}},"22":{"start":{"line":23,"column":0},"end":{"line":23,"column":38}},"23":{"start":{"line":24,"column":0},"end":{"line":24,"column":33}},"24":{"start":{"line":25,"column":0},"end":{"line":25,"column":47}},"25":{"start":{"line":26,"column":0},"end":{"line":26,"column":4}},"26":{"start":{"line":27,"column":0},"end":{"line":27,"column":21}},"27":{"start":{"line":28,"column":0},"end":{"line":28,"column":10}},"28":{"start":{"line":29,"column":0},"end":{"line":29,"column":9}},"29":{"start":{"line":30,"column":0},"end":{"line":30,"column":31}},"30":{"start":{"line":31,"column":0},"end":{"line":31,"column":73}},"31":{"start":{"line":32,"column":0},"end":{"line":32,"column":10}},"32":{"start":{"line":33,"column":0},"end":{"line":33,"column":30}},"33":{"start":{"line":34,"column":0},"end":{"line":34,"column":28}},"34":{"start":{"line":35,"column":0},"end":{"line":35,"column":52}},"35":{"start":{"line":36,"column":0},"end":{"line":36,"column":19}},"36":{"start":{"line":37,"column":0},"end":{"line":37,"column":58}},"37":{"start":{"line":38,"column":0},"end":{"line":38,"column":37}},"38":{"start":{"line":39,"column":0},"end":{"line":39,"column":13}},"40":{"start":{"line":41,"column":0},"end":{"line":41,"column":21}},"41":{"start":{"line":42,"column":0},"end":{"line":42,"column":76}},"42":{"start":{"line":43,"column":0},"end":{"line":43,"column":15}},"43":{"start":{"line":44,"column":0},"end":{"line":44,"column":11}},"44":{"start":{"line":45,"column":0},"end":{"line":45,"column":11}},"45":{"start":{"line":46,"column":0},"end":{"line":46,"column":10}},"47":{"start":{"line":48,"column":0},"end":{"line":48,"column":1}}},"s":{"0":1,"1":1,"2":1,"4":4,"5":4,"6":4,"7":4,"8":4,"10":4,"11":3,"12":3,"13":3,"14":2,"15":2,"16":3,"17":3,"18":0,"19":3,"20":4,"22":4,"23":0,"24":0,"25":0,"26":4,"27":4,"28":4,"29":4,"30":4,"31":4,"32":4,"33":1,"34":1,"35":1,"36":1,"37":1,"38":1,"40":1,"41":1,"42":1,"43":4,"44":4,"45":4,"47":4},"branchMap":{"0":{"type":"branch","line":5,"loc":{"start":{"line":5,"column":0},"end":{"line":48,"column":1}},"locations":[{"start":{"line":5,"column":0},"end":{"line":48,"column":1}}]},"1":{"type":"branch","line":11,"loc":{"start":{"line":11,"column":12},"end":{"line":21,"column":5}},"locations":[{"start":{"line":11,"column":12},"end":{"line":21,"column":5}}]},"2":{"type":"branch","line":14,"loc":{"start":{"line":14,"column":12},"end":{"line":17,"column":7}},"locations":[{"start":{"line":14,"column":12},"end":{"line":17,"column":7}}]},"3":{"type":"branch","line":31,"loc":{"start":{"line":31,"column":23},"end":{"line":31,"column":47}},"locations":[{"start":{"line":31,"column":23},"end":{"line":31,"column":47}}]},"4":{"type":"branch","line":33,"loc":{"start":{"line":33,"column":19},"end":{"line":43,"column":15}},"locations":[{"start":{"line":33,"column":19},"end":{"line":43,"column":15}}]}},"b":{"0":[4],"1":[3],"2":[2],"3":[1],"4":[1]},"fnMap":{"0":{"name":"TaskListPage","decl":{"start":{"line":5,"column":0},"end":{"line":48,"column":1}},"loc":{"start":{"line":5,"column":0},"end":{"line":48,"column":1}},"line":5},"1":{"name":"handleDelete","decl":{"start":{"line":23,"column":23},"end":{"line":26,"column":4}},"loc":{"start":{"line":23,"column":23},"end":{"line":26,"column":4}},"line":23},"2":{"name":"onClick","decl":{"start":{"line":31,"column":23},"end":{"line":31,"column":47}},"loc":{"start":{"line":31,"column":23},"end":{"line":31,"column":47}},"line":31},"3":{"name":"onClick","decl":{"start":{"line":37,"column":23},"end":{"line":37,"column":58}},"loc":{"start":{"line":37,"column":23},"end":{"line":37,"column":58}},"line":37},"4":{"name":"onClick","decl":{"start":{"line":42,"column":29},"end":{"line":42,"column":58}},"loc":{"start":{"line":42,"column":29},"end":{"line":42,"column":58}},"line":42}},"f":{"0":4,"1":0,"2":1,"3":0,"4":0}}
,"C:\\Users\\saber\\OneDrive\\Documents\\livecampus\\projets\\todolist\\frontend\\src\\services\\TaskService.js": {"path":"C:\\Users\\saber\\OneDrive\\Documents\\livecampus\\projets\\todolist\\frontend\\src\\services\\TaskService.js","all":false,"statementMap":{"0":{"start":{"line":1,"column":0},"end":{"line":1,"column":26}},"1":{"start":{"line":2,"column":0},"end":{"line":2,"column":23}},"2":{"start":{"line":3,"column":0},"end":{"line":3,"column":25}},"3":{"start":{"line":4,"column":0},"end":{"line":4,"column":3}},"4":{"start":{"line":5,"column":0},"end":{"line":5,"column":0}},"5":{"start":{"line":6,"column":0},"end":{"line":6,"column":20}},"6":{"start":{"line":7,"column":0},"end":{"line":7,"column":68}},"7":{"start":{"line":8,"column":0},"end":{"line":8,"column":50}},"8":{"start":{"line":9,"column":0},"end":{"line":9,"column":16}},"9":{"start":{"line":10,"column":0},"end":{"line":10,"column":7}},"10":{"start":{"line":11,"column":0},"end":{"line":11,"column":22}},"11":{"start":{"line":12,"column":0},"end":{"line":12,"column":3}},"12":{"start":{"line":13,"column":0},"end":{"line":13,"column":0}},"13":{"start":{"line":14,"column":0},"end":{"line":14,"column":23}},"14":{"start":{"line":15,"column":0},"end":{"line":15,"column":53}},"15":{"start":{"line":16,"column":0},"end":{"line":16,"column":21}},"16":{"start":{"line":17,"column":0},"end":{"line":17,"column":54}},"17":{"start":{"line":18,"column":0},"end":{"line":18,"column":33}},"18":{"start":{"line":19,"column":0},"end":{"line":19,"column":7}},"19":{"start":{"line":20,"column":0},"end":{"line":20,"column":18}},"20":{"start":{"line":21,"column":0},"end":{"line":21,"column":37}},"21":{"start":{"line":22,"column":0},"end":{"line":22,"column":70}},"22":{"start":{"line":23,"column":0},"end":{"line":23,"column":5}},"23":{"start":{"line":24,"column":0},"end":{"line":24,"column":22}},"24":{"start":{"line":25,"column":0},"end":{"line":25,"column":3}},"25":{"start":{"line":26,"column":0},"end":{"line":26,"column":0}},"26":{"start":{"line":27,"column":0},"end":{"line":27,"column":30}},"27":{"start":{"line":28,"column":0},"end":{"line":28,"column":59}},"28":{"start":{"line":29,"column":0},"end":{"line":29,"column":20}},"29":{"start":{"line":30,"column":0},"end":{"line":30,"column":54}},"30":{"start":{"line":31,"column":0},"end":{"line":31,"column":33}},"31":{"start":{"line":32,"column":0},"end":{"line":32,"column":7}},"32":{"start":{"line":33,"column":0},"end":{"line":33,"column":18}},"33":{"start":{"line":34,"column":0},"end":{"line":34,"column":37}},"34":{"start":{"line":35,"column":0},"end":{"line":35,"column":73}},"35":{"start":{"line":36,"column":0},"end":{"line":36,"column":5}},"36":{"start":{"line":37,"column":0},"end":{"line":37,"column":22}},"37":{"start":{"line":38,"column":0},"end":{"line":38,"column":3}},"38":{"start":{"line":39,"column":0},"end":{"line":39,"column":0}},"39":{"start":{"line":40,"column":0},"end":{"line":40,"column":24}},"40":{"start":{"line":41,"column":0},"end":{"line":41,"column":59}},"41":{"start":{"line":42,"column":0},"end":{"line":42,"column":23}},"42":{"start":{"line":43,"column":0},"end":{"line":43,"column":7}},"43":{"start":{"line":44,"column":0},"end":{"line":44,"column":18}},"44":{"start":{"line":45,"column":0},"end":{"line":45,"column":37}},"45":{"start":{"line":46,"column":0},"end":{"line":46,"column":73}},"46":{"start":{"line":47,"column":0},"end":{"line":47,"column":5}},"47":{"start":{"line":48,"column":0},"end":{"line":48,"column":22}},"48":{"start":{"line":49,"column":0},"end":{"line":49,"column":3}},"49":{"start":{"line":50,"column":0},"end":{"line":50,"column":1}}},"s":{"0":1,"1":1,"2":4,"3":4,"4":1,"5":1,"6":5,"7":0,"8":0,"9":5,"10":4,"11":5,"12":1,"13":1,"14":2,"15":2,"16":2,"17":2,"18":2,"19":2,"20":1,"21":1,"22":1,"23":1,"24":2,"25":1,"26":1,"27":2,"28":2,"29":2,"30":2,"31":2,"32":2,"33":1,"34":1,"35":1,"36":1,"37":2,"38":1,"39":1,"40":2,"41":2,"42":2,"43":2,"44":1,"45":1,"46":1,"47":1,"48":2,"49":1},"branchMap":{"0":{"type":"branch","line":2,"loc":{"start":{"line":2,"column":2},"end":{"line":4,"column":3}},"locations":[{"start":{"line":2,"column":2},"end":{"line":4,"column":3}}]},"1":{"type":"branch","line":6,"loc":{"start":{"line":6,"column":2},"end":{"line":12,"column":3}},"locations":[{"start":{"line":6,"column":2},"end":{"line":12,"column":3}}]},"2":{"type":"branch","line":11,"loc":{"start":{"line":11,"column":-2},"end":{"line":12,"column":2}},"locations":[{"start":{"line":11,"column":-2},"end":{"line":12,"column":2}}]},"3":{"type":"branch","line":14,"loc":{"start":{"line":14,"column":2},"end":{"line":25,"column":3}},"locations":[{"start":{"line":14,"column":2},"end":{"line":25,"column":3}}]},"4":{"type":"branch","line":20,"loc":{"start":{"line":20,"column":17},"end":{"line":25,"column":2}},"locations":[{"start":{"line":20,"column":17},"end":{"line":25,"column":2}}]},"5":{"type":"branch","line":27,"loc":{"start":{"line":27,"column":2},"end":{"line":38,"column":3}},"locations":[{"start":{"line":27,"column":2},"end":{"line":38,"column":3}}]},"6":{"type":"branch","line":33,"loc":{"start":{"line":33,"column":17},"end":{"line":38,"column":2}},"locations":[{"start":{"line":33,"column":17},"end":{"line":38,"column":2}}]},"7":{"type":"branch","line":40,"loc":{"start":{"line":40,"column":2},"end":{"line":49,"column":3}},"locations":[{"start":{"line":40,"column":2},"end":{"line":49,"column":3}}]},"8":{"type":"branch","line":44,"loc":{"start":{"line":44,"column":17},"end":{"line":49,"column":2}},"locations":[{"start":{"line":44,"column":17},"end":{"line":49,"column":2}}]}},"b":{"0":[4],"1":[5],"2":[4],"3":[2],"4":[1],"5":[2],"6":[1],"7":[2],"8":[1]},"fnMap":{"0":{"name":"TaskService","decl":{"start":{"line":2,"column":2},"end":{"line":4,"column":3}},"loc":{"start":{"line":2,"column":2},"end":{"line":4,"column":3}},"line":2},"1":{"name":"getTasks","decl":{"start":{"line":6,"column":2},"end":{"line":12,"column":3}},"loc":{"start":{"line":6,"column":2},"end":{"line":12,"column":3}},"line":6},"2":{"name":"addTask","decl":{"start":{"line":14,"column":2},"end":{"line":25,"column":3}},"loc":{"start":{"line":14,"column":2},"end":{"line":25,"column":3}},"line":14},"3":{"name":"updateTask","decl":{"start":{"line":27,"column":2},"end":{"line":38,"column":3}},"loc":{"start":{"line":27,"column":2},"end":{"line":38,"column":3}},"line":27},"4":{"name":"deleteTask","decl":{"start":{"line":40,"column":2},"end":{"line":49,"column":3}},"loc":{"start":{"line":40,"column":2},"end":{"line":49,"column":3}},"line":40}},"f":{"0":4,"1":5,"2":2,"3":2,"4":2}}
}
